<?xml version="1.0" encoding="UTF-8"?>
<testsuite name="com.sample.controller.EmployeeRestControllerTest" tests="1" skipped="0" failures="0" errors="0" timestamp="2020-03-24T12:47:57" hostname="DESKTOP-5D610KK" time="0.708">
  <properties/>
  <testcase name="createEmployee()" classname="com.sample.controller.EmployeeRestControllerTest" time="0.708"/>
  <system-out><![CDATA[18:17:56.080 [Test worker] DEBUG org.jboss.logging - Logging Provider: org.jboss.logging.Slf4jLoggerProvider
18:17:56.092 [Test worker] INFO org.hibernate.validator.internal.util.Version - HV000001: Hibernate Validator 5.4.2.Final
18:17:56.149 [Test worker] DEBUG org.hibernate.validator.internal.engine.resolver.DefaultTraversableResolver - Cannot find javax.persistence.Persistence on classpath. Assuming non JPA 2 environment. All properties will per default be traversable.
18:17:56.159 [Test worker] DEBUG org.hibernate.validator.internal.engine.ConfigurationImpl - Setting custom ParameterNameProvider of type io.dropwizard.jersey.validation.JerseyParameterNameProvider
18:17:56.164 [Test worker] DEBUG org.hibernate.validator.internal.xml.ValidationXmlParser - Trying to load META-INF/validation.xml for XML based Validator configuration.
18:17:56.168 [Test worker] DEBUG org.hibernate.validator.internal.xml.ResourceLoaderHelper - Trying to load META-INF/validation.xml via TCCL
18:17:56.170 [Test worker] DEBUG org.hibernate.validator.internal.xml.ResourceLoaderHelper - Trying to load META-INF/validation.xml via Hibernate Validator's class loader
18:17:56.172 [Test worker] DEBUG org.hibernate.validator.internal.xml.ValidationXmlParser - No META-INF/validation.xml found. Using annotation based configuration only.
=====================Create Employees===========================
]]></system-out>
  <system-err><![CDATA[]]></system-err>
</testsuite>
